<?xml version="1.0" encoding="UTF-8"?>
<!-- Generated by org.testng.reporters.JUnitXMLReporter -->
<testsuite ignored="0" hostname="Mercias-MacBook-Pro.local" failures="1" tests="2" name="Surefire test" time="0.149" errors="0" timestamp="2023-10-25T19:40:40 WIB">
  <testcase classname="com.sdetadda.allure.Testcase2" name="testMethod1" time="0.044"/>
  <testcase classname="com.sdetadda.allure.Testcase1" name="testMethod1" time="0.002">
    <failure type="java.lang.AssertionError">
      <![CDATA[java.lang.AssertionError: 
at com.sdetadda.allure.Testcase1.testMethod1(Testcase1.java:12)
at java.base/java.util.ArrayList.forEach(ArrayList.java:1511)
... Removed 35 stack frames]]>
    </failure>
  </testcase> <!-- testMethod1 -->
</testsuite> <!-- Surefire test -->
